app/build/outputs/logs/manifest-merger-debug-report.txt
-- Merging decision tree log ---
manifest
ADDED from src\main\AndroidManifest.xml:2:1-252:12
	package
		ADDED from src\main\AndroidManifest.xml:4:5-35
		INJECTED from src\main\AndroidManifest.xml
		INJECTED from src\main\AndroidManifest.xml
	android:versionName
		ADDED from src\main\AndroidManifest.xml:7:5-33
		INJECTED from src\main\AndroidManifest.xml
		INJECTED from src\main\AndroidManifest.xml
	xmlns:tools
		ADDED from src\main\AndroidManifest.xml:3:5-51
	android:launchMode
		ADDED from src\main\AndroidManifest.xml:5:5-35
	android:versionCode
		ADDED from src\main\AndroidManifest.xml:6:5-28
		INJECTED from src\main\AndroidManifest.xml
		INJECTED from src\main\AndroidManifest.xml
	xmlns:android
		ADDED from src\main\AndroidManifest.xml:2:11-69
supports-screens
ADDED from src\main\AndroidManifest.xml:9:5-14:40
	android:largeScreens
		ADDED from src\main\AndroidManifest.xml:11:9-36
	android:smallScreens
		ADDED from src\main\AndroidManifest.xml:13:9-36
	android:normalScreens
		ADDED from src\main\AndroidManifest.xml:12:9-37
	android:xlargeScreens
		ADDED from src\main\AndroidManifest.xml:14:9-37
	android:anyDensity
		ADDED from src\main\AndroidManifest.xml:10:9-34
uses-permission#android.permission.READ_PHONE_STATE
ADDED from src\main\AndroidManifest.xml:16:5-75
	android:name
		ADDED from src\main\AndroidManifest.xml:16:22-72
uses-permission#android.permission.INTERNET
ADDED from src\main\AndroidManifest.xml:17:5-67
	android:name
		ADDED from src\main\AndroidManifest.xml:17:22-64
uses-permission#android.permission.ACCESS_NETWORK_STATE
ADDED from src\main\AndroidManifest.xml:18:5-79
	android:name
		ADDED from src\main\AndroidManifest.xml:18:22-76
uses-permission#android.permission.ACCESS_WIFI_STATE
ADDED from src\main\AndroidManifest.xml:19:5-76
	android:name
		ADDED from src\main\AndroidManifest.xml:19:22-73
uses-permission#android.permission.READ_LOGS
ADDED from src\main\AndroidManifest.xml:20:5-68
	android:name
		ADDED from src\main\AndroidManifest.xml:20:22-65
uses-permission#android.permission.RECEIVE_BOOT_COMPLETED
ADDED from src\main\AndroidManifest.xml:21:5-81
	android:name
		ADDED from src\main\AndroidManifest.xml:21:22-78
uses-permission#android.permission.WAKE_LOCK
ADDED from src\main\AndroidManifest.xml:22:5-68
	android:name
		ADDED from src\main\AndroidManifest.xml:22:22-65
uses-permission#android.permission.BLUETOOTH_ADMIN
ADDED from src\main\AndroidManifest.xml:23:5-74
	android:name
		ADDED from src\main\AndroidManifest.xml:23:22-71
uses-permission#android.permission.BLUETOOTH
ADDED from src\main\AndroidManifest.xml:24:5-68
	android:name
		ADDED from src\main\AndroidManifest.xml:24:22-65
uses-permission#android.permission.WRITE_EXTERNAL_STORAGE
ADDED from src\main\AndroidManifest.xml:26:5-81
	android:name
		ADDED from src\main\AndroidManifest.xml:26:22-78
uses-permission#android.permission.MOUNT_UNMOUNT_FILESYSTEMS
ADDED from src\main\AndroidManifest.xml:27:5-84
	android:name
		ADDED from src\main\AndroidManifest.xml:27:22-81
uses-permission#android.permission.VIBRATE
ADDED from src\main\AndroidManifest.xml:28:5-66
	android:name
		ADDED from src\main\AndroidManifest.xml:28:22-63
uses-permission#android.permission.FLASHLIGHT
ADDED from src\main\AndroidManifest.xml:29:5-69
	android:name
		ADDED from src\main\AndroidManifest.xml:29:22-66
uses-permission#android.permission.RECEIVE_USER_PRESENT
ADDED from src\main\AndroidManifest.xml:30:5-79
	android:name
		ADDED from src\main\AndroidManifest.xml:30:22-76
uses-permission#android.permission.DISABLE_KEYGUARD
ADDED from src\main\AndroidManifest.xml:31:5-75
	android:name
		ADDED from src\main\AndroidManifest.xml:31:22-72
uses-feature#android.hardware.usb.host
ADDED from src\main\AndroidManifest.xml:34:5-62
	android:name
		ADDED from src\main\AndroidManifest.xml:34:19-59
uses-permission#android.permission.GET_TASKS
ADDED from src\main\AndroidManifest.xml:35:5-68
	android:name
		ADDED from src\main\AndroidManifest.xml:35:22-65
uses-sdk
ADDED from src\main\AndroidManifest.xml:37:5-43
	android:targetSdkVersion
		INJECTED from src\main\AndroidManifest.xml
		INJECTED from src\main\AndroidManifest.xml
	android:minSdkVersion
		ADDED from src\main\AndroidManifest.xml:37:15-40
		INJECTED from src\main\AndroidManifest.xml
		INJECTED from src\main\AndroidManifest.xml
application
ADDED from src\main\AndroidManifest.xml:47:5-250:19
	android:label
		ADDED from src\main\AndroidManifest.xml:51:9-41
	android:allowBackup
		ADDED from src\main\AndroidManifest.xml:49:9-35
	android:icon
		ADDED from src\main\AndroidManifest.xml:50:9-46
	android:persistent
		ADDED from src\main\AndroidManifest.xml:52:9-34
	android:theme
		ADDED from src\main\AndroidManifest.xml:53:9-40
	android:name
		ADDED from src\main\AndroidManifest.xml:48:9-58
activity#com.hongking.hktpms.AppEntryActivity
ADDED from src\main\AndroidManifest.xml:54:9-58:55
	android:label
		ADDED from src\main\AndroidManifest.xml:57:13-45
	android:launchMode
		ADDED from src\main\AndroidManifest.xml:58:13-43
	android:configChanges
		ADDED from src\main\AndroidManifest.xml:56:13-43
	android:name
		ADDED from src\main\AndroidManifest.xml:55:13-64
activity#com.hongking.hktpms.GuidanceActivity
ADDED from src\main\AndroidManifest.xml:59:9-67:20
	android:screenOrientation
		ADDED from src\main\AndroidManifest.xml:62:13-50
	android:launchMode
		ADDED from src\main\AndroidManifest.xml:61:13-43
	android:name
		ADDED from src\main\AndroidManifest.xml:60:13-64
intent-filter#android.intent.action.MAIN+android.intent.category.LAUNCHER
ADDED from src\main\AndroidManifest.xml:63:13-66:29
action#android.intent.action.MAIN
ADDED from src\main\AndroidManifest.xml:64:17-69
	android:name
		ADDED from src\main\AndroidManifest.xml:64:25-66
category#android.intent.category.LAUNCHER
ADDED from src\main\AndroidManifest.xml:65:17-77
	android:name
		ADDED from src\main\AndroidManifest.xml:65:27-74
activity#com.hongking.hktpms.ConnectTestActivity
ADDED from src\main\AndroidManifest.xml:68:9-71:32
	android:label
		ADDED from src\main\AndroidManifest.xml:71:13-29
	android:configChanges
		ADDED from src\main\AndroidManifest.xml:70:13-43
	android:name
		ADDED from src\main\AndroidManifest.xml:69:13-67
activity#com.hongking.hktpms.ConnectTestActivity2
ADDED from src\main\AndroidManifest.xml:72:9-75:32
	android:label
		ADDED from src\main\AndroidManifest.xml:75:13-29
	android:configChanges
		ADDED from src\main\AndroidManifest.xml:74:13-43
	android:name
		ADDED from src\main\AndroidManifest.xml:73:13-68
activity#com.hongking.hktpms.ConnectChooseActivity
ADDED from src\main\AndroidManifest.xml:76:9-87:20
	android:screenOrientation
		ADDED from src\main\AndroidManifest.xml:79:13-50
	android:launchMode
		ADDED from src\main\AndroidManifest.xml:78:13-43
	android:name
		ADDED from src\main\AndroidManifest.xml:77:13-69
intent-filter#android.intent.category.DEFAULT+tpmsApp
ADDED from src\main\AndroidManifest.xml:81:13-84:29
action#tpmsApp
ADDED from src\main\AndroidManifest.xml:82:17-49
	android:name
		ADDED from src\main\AndroidManifest.xml:82:25-47
category#android.intent.category.DEFAULT
ADDED from src\main\AndroidManifest.xml:83:17-75
	android:name
		ADDED from src\main\AndroidManifest.xml:83:27-73
activity#com.hongking.hktpms.AppMainActivity
ADDED from src\main\AndroidManifest.xml:90:9-94:53
	android:screenOrientation
		ADDED from src\main\AndroidManifest.xml:94:13-50
	android:label
		ADDED from src\main\AndroidManifest.xml:93:13-45
	android:configChanges
		ADDED from src\main\AndroidManifest.xml:92:13-43
	android:name
		ADDED from src\main\AndroidManifest.xml:91:13-63
activity#com.hongking.hktpms.First_Act
ADDED from src\main\AndroidManifest.xml:95:9-109:20
	android:screenOrientation
		ADDED from src\main\AndroidManifest.xml:98:13-50
	android:label
		ADDED from src\main\AndroidManifest.xml:99:13-45
	android:configChanges
		ADDED from src\main\AndroidManifest.xml:97:13-43
	android:name
		ADDED from src\main\AndroidManifest.xml:96:13-57
intent-filter#android.hardware.usb.action.USB_DEVICE_ATTACHED
ADDED from src\main\AndroidManifest.xml:100:13-102:29
action#android.hardware.usb.action.USB_DEVICE_ATTACHED
ADDED from src\main\AndroidManifest.xml:101:17-90
	android:name
		ADDED from src\main\AndroidManifest.xml:101:25-87
intent-filter#android.hardware.usb.action.
ADDED from src\main\AndroidManifest.xml:103:13-105:29
action#android.hardware.usb.action.
ADDED from src\main\AndroidManifest.xml:104:17-71
	android:name
		ADDED from src\main\AndroidManifest.xml:104:25-68
meta-data#android.hardware.usb.action.USB_DEVICE_ATTACHED
ADDED from src\main\AndroidManifest.xml:106:13-108:57
	android:resource
		ADDED from src\main\AndroidManifest.xml:108:17-54
	android:name
		ADDED from src\main\AndroidManifest.xml:107:17-79
activity#com.hongking.hktpms.MainDisplayActivity
ADDED from src\main\AndroidManifest.xml:110:9-116:20
	android:screenOrientation
		ADDED from src\main\AndroidManifest.xml:114:13-50
	android:label
		ADDED from src\main\AndroidManifest.xml:113:13-39
	android:configChanges
		ADDED from src\main\AndroidManifest.xml:112:13-43
	android:name
		ADDED from src\main\AndroidManifest.xml:111:13-67
activity#com.hongking.hktpms.SetActivity
ADDED from src\main\AndroidManifest.xml:117:9-121:53
	android:screenOrientation
		ADDED from src\main\AndroidManifest.xml:121:13-50
	android:label
		ADDED from src\main\AndroidManifest.xml:120:13-31
	android:configChanges
		ADDED from src\main\AndroidManifest.xml:119:13-43
	android:name
		ADDED from src\main\AndroidManifest.xml:118:13-59
activity#com.hongking.hktpms.SetWarnSubActivity
ADDED from src\main\AndroidManifest.xml:130:9-133:36
	android:label
		ADDED from src\main\AndroidManifest.xml:133:13-33
	android:configChanges
		ADDED from src\main\AndroidManifest.xml:132:13-43
	android:name
		ADDED from src\main\AndroidManifest.xml:131:13-66
activity#com.hongking.hktpms.SetSensorChangeActivity
ADDED from src\main\AndroidManifest.xml:134:9-137:39
	android:label
		ADDED from src\main\AndroidManifest.xml:137:13-36
	android:configChanges
		ADDED from src\main\AndroidManifest.xml:136:13-43
	android:name
		ADDED from src\main\AndroidManifest.xml:135:13-71
activity#com.hongking.hktpms.SetSensorExchangeActivity
ADDED from src\main\AndroidManifest.xml:138:9-141:36
	android:label
		ADDED from src\main\AndroidManifest.xml:141:13-33
	android:configChanges
		ADDED from src\main\AndroidManifest.xml:140:13-43
	android:name
		ADDED from src\main\AndroidManifest.xml:139:13-73
activity#com.hongking.hktpms.SetThemeActivity
ADDED from src\main\AndroidManifest.xml:142:9-145:36
	android:label
		ADDED from src\main\AndroidManifest.xml:145:13-33
	android:configChanges
		ADDED from src\main\AndroidManifest.xml:144:13-43
	android:name
		ADDED from src\main\AndroidManifest.xml:143:13-64
activity#com.hongking.hktpms.SetThemePreviewActivity
ADDED from src\main\AndroidManifest.xml:146:9-149:36
	android:label
		ADDED from src\main\AndroidManifest.xml:149:13-33
	android:configChanges
		ADDED from src\main\AndroidManifest.xml:148:13-43
	android:name
		ADDED from src\main\AndroidManifest.xml:147:13-71
activity#com.hongking.hktpms.TPMSListViewActivity
ADDED from src\main\AndroidManifest.xml:150:9-153:36
	android:label
		ADDED from src\main\AndroidManifest.xml:153:13-33
	android:configChanges
		ADDED from src\main\AndroidManifest.xml:152:13-43
	android:name
		ADDED from src\main\AndroidManifest.xml:151:13-68
activity#com.hongking.hktpms.AboutMeSoftRegisterActivity
ADDED from src\main\AndroidManifest.xml:154:9-157:36
	android:label
		ADDED from src\main\AndroidManifest.xml:157:13-33
	android:configChanges
		ADDED from src\main\AndroidManifest.xml:156:13-43
	android:name
		ADDED from src\main\AndroidManifest.xml:155:13-75
activity#com.hongking.hktpms.AboutMeRightInfoActivity
ADDED from src\main\AndroidManifest.xml:158:9-161:36
	android:label
		ADDED from src\main\AndroidManifest.xml:161:13-33
	android:configChanges
		ADDED from src\main\AndroidManifest.xml:160:13-43
	android:name
		ADDED from src\main\AndroidManifest.xml:159:13-72
activity#com.hongking.hktpms.AboutMeAfterSaleSupportActivity
ADDED from src\main\AndroidManifest.xml:162:9-165:38
	android:label
		ADDED from src\main\AndroidManifest.xml:165:13-35
	android:configChanges
		ADDED from src\main\AndroidManifest.xml:164:13-43
	android:name
		ADDED from src\main\AndroidManifest.xml:163:13-79
activity#com.hongking.hktpms.AboutMeRecordCatActivity
ADDED from src\main\AndroidManifest.xml:166:9-169:38
	android:label
		ADDED from src\main\AndroidManifest.xml:169:13-35
	android:configChanges
		ADDED from src\main\AndroidManifest.xml:168:13-43
	android:name
		ADDED from src\main\AndroidManifest.xml:167:13-72
activity#com.hongking.hktpms.SetupActivity
ADDED from src\main\AndroidManifest.xml:177:9-180:37
	android:label
		ADDED from src\main\AndroidManifest.xml:180:13-34
	android:configChanges
		ADDED from src\main\AndroidManifest.xml:179:13-43
	android:name
		ADDED from src\main\AndroidManifest.xml:178:13-61
activity#com.hongking.hktpms.BlueSetupActivity
ADDED from src\main\AndroidManifest.xml:181:9-184:36
	android:label
		ADDED from src\main\AndroidManifest.xml:184:13-33
	android:configChanges
		ADDED from src\main\AndroidManifest.xml:183:13-43
	android:name
		ADDED from src\main\AndroidManifest.xml:182:13-65
activity#com.hongking.hktpms.AppSimulateActivity
ADDED from src\main\AndroidManifest.xml:185:9-188:36
	android:label
		ADDED from src\main\AndroidManifest.xml:188:13-33
	android:configChanges
		ADDED from src\main\AndroidManifest.xml:187:13-43
	android:name
		ADDED from src\main\AndroidManifest.xml:186:13-67
activity#com.hongking.hktpms.BluetoothConn
ADDED from src\main\AndroidManifest.xml:190:9-192:36
	android:label
		ADDED from src\main\AndroidManifest.xml:192:13-33
	android:name
		ADDED from src\main\AndroidManifest.xml:191:13-61
activity#com.hongking.hktpms.BluetoothDeviceListActivity
ADDED from src\main\AndroidManifest.xml:193:9-197:59
	android:label
		ADDED from src\main\AndroidManifest.xml:196:13-50
	android:configChanges
		ADDED from src\main\AndroidManifest.xml:195:13-43
	android:theme
		ADDED from src\main\AndroidManifest.xml:197:13-56
	android:name
		ADDED from src\main\AndroidManifest.xml:194:13-75
activity#com.hongking.hktpms.BluetoothConnectedDeviceListActivity
ADDED from src\main\AndroidManifest.xml:198:9-202:59
	android:label
		ADDED from src\main\AndroidManifest.xml:201:13-61
	android:configChanges
		ADDED from src\main\AndroidManifest.xml:200:13-43
	android:theme
		ADDED from src\main\AndroidManifest.xml:202:13-56
	android:name
		ADDED from src\main\AndroidManifest.xml:199:13-84
service#com.hongking.hktpms.SysControllerService
ADDED from src\main\AndroidManifest.xml:204:9-211:19
	android:exported
		ADDED from src\main\AndroidManifest.xml:206:13-37
	android:name
		ADDED from src\main\AndroidManifest.xml:205:13-68
intent-filter#CONNECT_REQUEST_ACTION+SEND_MSG_FROM_BT_ACTION
ADDED from src\main\AndroidManifest.xml:207:13-210:29
action#SEND_MSG_FROM_BT_ACTION
ADDED from src\main\AndroidManifest.xml:208:17-66
	android:name
		ADDED from src\main\AndroidManifest.xml:208:25-63
action#CONNECT_REQUEST_ACTION
ADDED from src\main\AndroidManifest.xml:209:17-65
	android:name
		ADDED from src\main\AndroidManifest.xml:209:25-62
service#com.hongking.hktpms.UsbControllerService
ADDED from src\main\AndroidManifest.xml:212:9-219:19
	android:exported
		ADDED from src\main\AndroidManifest.xml:214:13-37
	android:name
		ADDED from src\main\AndroidManifest.xml:213:13-68
intent-filter#CONNECT_REQUEST_ACTION+SEND_MSG_FROM_USB_ACTION
ADDED from src\main\AndroidManifest.xml:215:13-218:29
action#SEND_MSG_FROM_USB_ACTION
ADDED from src\main\AndroidManifest.xml:216:17-67
	android:name
		ADDED from src\main\AndroidManifest.xml:216:25-64
service#com.hongking.hktpms.SysManagerService
ADDED from src\main\AndroidManifest.xml:220:9-226:19
	android:exported
		ADDED from src\main\AndroidManifest.xml:222:13-37
	android:name
		ADDED from src\main\AndroidManifest.xml:221:13-65
intent-filter#AUTO_SW_MAINPAGE
ADDED from src\main\AndroidManifest.xml:223:13-225:29
action#AUTO_SW_MAINPAGE
ADDED from src\main\AndroidManifest.xml:224:17-59
	android:name
		ADDED from src\main\AndroidManifest.xml:224:25-56
receiver#com.hongking.hktpms.PowerBroadcastReceiver
ADDED from src\main\AndroidManifest.xml:236:9-248:20
	android:name
		ADDED from src\main\AndroidManifest.xml:236:19-76
intent-filter#android.intent.action.ACTION_SHUTDOWN+android.intent.action.BOOT_COMPLETED+android.intent.action.hongkingtest+com.android.action_acc_off+com.android.action_acc_on+hongkingtest
ADDED from src\main\AndroidManifest.xml:237:13-246:29
action#android.intent.action.ACTION_SHUTDOWN
ADDED from src\main\AndroidManifest.xml:238:17-80
	android:name
		ADDED from src\main\AndroidManifest.xml:238:25-77
action#android.intent.action.BOOT_COMPLETED
ADDED from src\main\AndroidManifest.xml:239:17-79
	android:name
		ADDED from src\main\AndroidManifest.xml:239:25-76
action#android.intent.action.hongkingtest
ADDED from src\main\AndroidManifest.xml:240:17-77
	android:name
		ADDED from src\main\AndroidManifest.xml:240:25-74
action#hongkingtest
ADDED from src\main\AndroidManifest.xml:241:17-55
	android:name
		ADDED from src\main\AndroidManifest.xml:241:25-52
action#com.android.action_acc_on
ADDED from src\main\AndroidManifest.xml:242:17-68
	android:name
		ADDED from src\main\AndroidManifest.xml:242:25-65
action#com.android.action_acc_off
ADDED from src\main\AndroidManifest.xml:243:17-69
	android:name
		ADDED from src\main\AndroidManifest.xml:243:25-66